<?xml version="1.0" encoding="UTF-8"?>
<!-- Generated by org.testng.reporters.JUnitReportReporter -->
<testsuite skipped="0" hostname="DESK-20180722NA" name="hlife.test.integration.LiveGift" tests="15" failures="1" timestamp="23 Sep 2021 10:07:57 GMT" time="30.687" errors="0">
  <testcase name="liveJoin" time="0.588" classname="hlife.test.integration.LiveGift"/>
  <testcase name="liveCategoryList" time="0.151" classname="hlife.test.integration.LiveGift"/>
  <testcase name="isDel" time="6.005" classname="hlife.test.integration.LiveGift"/>
  <testcase name="liveCreate" time="3.118" classname="hlife.test.integration.LiveGift"/>
  <testcase name="liveGiftUser" time="6.799" classname="hlife.test.integration.LiveGift"/>
  <testcase name="liveOnlineUser" time="6.186" classname="hlife.test.integration.LiveGift"/>
  <testcase name="remind" time="0.001" classname="hlife.test.integration.LiveGift">
    <failure type="java.lang.AssertionError" message="每间隔1天，判断gift_pop是否走等于0的逻辑liveGiftPopInfo方法 expected [false] but found [true]">
      <![CDATA[java.lang.AssertionError: 每间隔1天，判断gift_pop是否走等于0的逻辑liveGiftPopInfo方法 expected [false] but found [true]
at org.testng.Assert.fail(Assert.java:96)
at org.testng.Assert.failNotEquals(Assert.java:776)
at org.testng.Assert.assertEqualsImpl(Assert.java:137)
at org.testng.Assert.assertEquals(Assert.java:118)
at org.testng.Assert.assertEquals(Assert.java:568)
at hlife.test.integration.LiveGift.remind(LiveGift.java:673)
at sun.reflect.NativeMethodAccessorImpl.invoke0(Native Method)
at sun.reflect.NativeMethodAccessorImpl.invoke(NativeMethodAccessorImpl.java:62)
at sun.reflect.DelegatingMethodAccessorImpl.invoke(DelegatingMethodAccessorImpl.java:43)
at java.lang.reflect.Method.invoke(Method.java:498)
at org.testng.internal.MethodInvocationHelper.invokeMethod(MethodInvocationHelper.java:124)
at org.testng.internal.Invoker.invokeMethod(Invoker.java:580)
at org.testng.internal.Invoker.invokeTestMethod(Invoker.java:716)
at org.testng.internal.Invoker.invokeTestMethods(Invoker.java:988)
at org.testng.internal.TestMethodWorker.invokeTestMethods(TestMethodWorker.java:125)
at org.testng.internal.TestMethodWorker.run(TestMethodWorker.java:109)
at org.testng.TestRunner.privateRun(TestRunner.java:648)
at org.testng.TestRunner.run(TestRunner.java:505)
at org.testng.SuiteRunner.runTest(SuiteRunner.java:455)
at org.testng.SuiteRunner.runSequentially(SuiteRunner.java:450)
at org.testng.SuiteRunner.privateRun(SuiteRunner.java:415)
at org.testng.SuiteRunner.run(SuiteRunner.java:364)
at org.testng.SuiteRunnerWorker.runSuite(SuiteRunnerWorker.java:52)
at org.testng.SuiteRunnerWorker.run(SuiteRunnerWorker.java:84)
at org.testng.TestNG.runSuitesSequentially(TestNG.java:1208)
at org.testng.TestNG.runSuitesSequentially(TestNG.java:1204)
at org.testng.TestNG.runSuitesSequentially(TestNG.java:1204)
at org.testng.TestNG.runSuitesLocally(TestNG.java:1137)
at org.testng.TestNG.runSuites(TestNG.java:1049)
at org.testng.TestNG.run(TestNG.java:1017)
at org.apache.maven.surefire.testng.TestNGExecutor.run(TestNGExecutor.java:283)
at org.apache.maven.surefire.testng.TestNGXmlTestSuite.execute(TestNGXmlTestSuite.java:75)
at org.apache.maven.surefire.testng.TestNGProvider.invoke(TestNGProvider.java:120)
at org.apache.maven.surefire.booter.ForkedBooter.invokeProviderInSameClassLoader(ForkedBooter.java:383)
at org.apache.maven.surefire.booter.ForkedBooter.runSuitesInProcess(ForkedBooter.java:344)
at org.apache.maven.surefire.booter.ForkedBooter.execute(ForkedBooter.java:125)
at org.apache.maven.surefire.booter.ForkedBooter.main(ForkedBooter.java:417)
]]>
    </failure>
  </testcase> <!-- remind -->
  <testcase name="payCopperRechargePackage" time="0.000" classname="hlife.test.integration.LiveGift"/>
  <testcase name="liveQuit" time="0.178" classname="hlife.test.integration.LiveGift"/>
  <testcase name="liveGiftSend" time="1.214" classname="hlife.test.integration.LiveGift"/>
  <testcase name="liveDetail" time="0.340" classname="hlife.test.integration.LiveGift"/>
  <testcase name="liveOpera" time="0.615" classname="hlife.test.integration.LiveGift"/>
  <testcase name="againCreate" time="3.146" classname="hlife.test.integration.LiveGift"/>
  <testcase name="liveGiftList" time="2.345" classname="hlife.test.integration.LiveGift"/>
  <testcase name="liveGiftPopInfo" time="0.001" classname="hlife.test.integration.LiveGift"/>
</testsuite> <!-- hlife.test.integration.LiveGift -->
